build/app/intermediates/manifest_merge_blame_file/release/manifest-merger-blame-release-report.txt
1<?xml version="1.0" encoding="utf-8"?>
2<manifest xmlns:android="http://schemas.android.com/apk/res/android"
3    package="com.example.money_manager"
4    android:versionCode="1"
5    android:versionName="1.0.0" >
6
7    <uses-sdk
8        android:minSdkVersion="21"
8-->src/main/AndroidManifest.xml
9        android:targetSdkVersion="29" />
9-->src/main/AndroidManifest.xml
10
11    <uses-permission android:name="android.permission.INTERNET" />
11-->src/main/AndroidManifest.xml:3:5-66
11-->src/main/AndroidManifest.xml:3:22-64
12    <!-- Although the *SdkVersion is captured in gradle build files, this is required for non gradle builds -->
13    <!-- <uses-sdk android:minSdkVersion="14" /> -->
14    <uses-permission android:name="android.permission.ACCESS_NETWORK_STATE" />
14-->[com.google.firebase:firebase-firestore:21.7.1] AndroidManifest.xml:13:5-79
14-->[com.google.firebase:firebase-firestore:21.7.1] AndroidManifest.xml:13:22-76
15    <uses-permission android:name="android.permission.WAKE_LOCK" />
15-->[com.google.android.gms:play-services-measurement-api:17.6.0] AndroidManifest.xml:24:5-68
15-->[com.google.android.gms:play-services-measurement-api:17.6.0] AndroidManifest.xml:24:22-65
16    <uses-permission android:name="com.google.android.finsky.permission.BIND_GET_INSTALL_REFERRER_SERVICE" />
16-->[com.google.android.gms:play-services-measurement:17.6.0] AndroidManifest.xml:26:5-110
16-->[com.google.android.gms:play-services-measurement:17.6.0] AndroidManifest.xml:26:22-107
17    <!--
18 io.flutter.app.FlutterApplication is an android.app.Application that
19         calls FlutterMain.startInitialization(this); in its onCreate method.
20         In most cases you can leave this as-is, but you if you want to provide
21         additional functionality it is fine to subclass or reimplement
22         FlutterApplication and put your custom class here.
23    -->
24    <application
24-->src/main/AndroidManifest.xml:9:5-47:19
25        android:name="io.flutter.app.FlutterApplication"
25-->src/main/AndroidManifest.xml:10:9-57
26        android:appComponentFactory="androidx.core.app.CoreComponentFactory"
26-->[androidx.core:core:1.1.0] AndroidManifest.xml:24:18-86
27        android:icon="@mipmap/launcher_icon"
27-->src/main/AndroidManifest.xml:12:9-45
28        android:label="FINSAVE" >
28-->src/main/AndroidManifest.xml:11:9-32
29        <activity
29-->src/main/AndroidManifest.xml:13:9-41:20
30            android:name="com.example.money_manager.MainActivity"
30-->src/main/AndroidManifest.xml:14:13-41
31            android:configChanges="orientation|keyboardHidden|keyboard|screenSize|smallestScreenSize|locale|layoutDirection|fontScale|screenLayout|density|uiMode"
31-->src/main/AndroidManifest.xml:17:13-163
32            android:hardwareAccelerated="true"
32-->src/main/AndroidManifest.xml:18:13-47
33            android:launchMode="singleTop"
33-->src/main/AndroidManifest.xml:15:13-43
34            android:theme="@style/LaunchTheme"
34-->src/main/AndroidManifest.xml:16:13-47
35            android:windowSoftInputMode="adjustResize" >
35-->src/main/AndroidManifest.xml:19:13-55
36
37            <!--
38                 Specifies an Android theme to apply to this Activity as soon as
39                 the Android process has started. This theme is visible to the user
40                 while the Flutter UI initializes. After that, this theme continues
41                 to determine the Window background behind the Flutter UI.
42            -->
43            <meta-data
43-->src/main/AndroidManifest.xml:24:13-27:17
44                android:name="io.flutter.embedding.android.NormalTheme"
44-->src/main/AndroidManifest.xml:25:15-70
45                android:resource="@style/NormalTheme" />
45-->src/main/AndroidManifest.xml:26:15-52
46            <!--
47                 Displays an Android View that continues showing the launch screen
48                 Drawable until Flutter paints its first frame, then this splash
49                 screen fades out. A splash screen is useful to avoid any visual
50                 gap between the end of Android's launch screen and the painting of
51                 Flutter's first frame.
52            -->
53            <meta-data
53-->src/main/AndroidManifest.xml:33:13-36:17
54                android:name="io.flutter.embedding.android.SplashScreenDrawable"
54-->src/main/AndroidManifest.xml:34:15-79
55                android:resource="@drawable/launch_background" />
55-->src/main/AndroidManifest.xml:35:15-61
56
57            <intent-filter>
57-->src/main/AndroidManifest.xml:37:13-40:29
58                <action android:name="android.intent.action.MAIN" />
58-->src/main/AndroidManifest.xml:38:17-68
58-->src/main/AndroidManifest.xml:38:25-66
59
60                <category android:name="android.intent.category.LAUNCHER" />
60-->src/main/AndroidManifest.xml:39:17-76
60-->src/main/AndroidManifest.xml:39:27-74
61            </intent-filter>
62        </activity>
63        <!--
64             Don't delete the meta-data below.
65             This is used by the Flutter tool to generate GeneratedPluginRegistrant.java
66        -->
67        <meta-data
67-->src/main/AndroidManifest.xml:44:9-46:33
68            android:name="flutterEmbedding"
68-->src/main/AndroidManifest.xml:45:13-44
69            android:value="2" />
69-->src/main/AndroidManifest.xml:46:13-30
70
71        <service
71-->[:firebase_auth] AndroidManifest.xml:8:9-12:19
72            android:name="com.google.firebase.components.ComponentDiscoveryService"
72-->[:firebase_auth] AndroidManifest.xml:8:18-89
73            android:directBootAware="true"
73-->[com.google.firebase:firebase-common:19.3.1] AndroidManifest.xml:35:13-43
74            android:exported="false" >
74-->[com.google.firebase:firebase-auth:19.4.0] AndroidManifest.xml:35:13-37
75            <meta-data
75-->[:firebase_auth] AndroidManifest.xml:9:13-11:85
76                android:name="com.google.firebase.components:io.flutter.plugins.firebase.auth.FlutterFirebaseAuthRegistrar"
76-->[:firebase_auth] AndroidManifest.xml:10:17-124
77                android:value="com.google.firebase.components.ComponentRegistrar" />
77-->[:firebase_auth] AndroidManifest.xml:11:17-82
78            <meta-data
78-->[:cloud_firestore] AndroidManifest.xml:9:13-11:85
79                android:name="com.google.firebase.components:io.flutter.plugins.firebase.firestore.FlutterFirebaseFirestoreRegistrar"
79-->[:cloud_firestore] AndroidManifest.xml:10:17-134
80                android:value="com.google.firebase.components.ComponentRegistrar" />
80-->[:cloud_firestore] AndroidManifest.xml:11:17-82
81            <meta-data
81-->[:firebase_core] AndroidManifest.xml:9:13-11:85
82                android:name="com.google.firebase.components:io.flutter.plugins.firebase.core.FlutterFirebaseCoreRegistrar"
82-->[:firebase_core] AndroidManifest.xml:10:17-124
83                android:value="com.google.firebase.components.ComponentRegistrar" />
83-->[:firebase_core] AndroidManifest.xml:11:17-82
84            <meta-data
84-->[com.google.firebase:firebase-auth:19.4.0] AndroidManifest.xml:36:13-38:85
85                android:name="com.google.firebase.components:com.google.firebase.auth.FirebaseAuthRegistrar"
85-->[com.google.firebase:firebase-auth:19.4.0] AndroidManifest.xml:37:17-109
86                android:value="com.google.firebase.components.ComponentRegistrar" />
86-->[com.google.firebase:firebase-auth:19.4.0] AndroidManifest.xml:38:17-82
87            <meta-data
87-->[com.google.firebase:firebase-firestore:21.7.1] AndroidManifest.xml:20:13-22:85
88                android:name="com.google.firebase.components:com.google.firebase.firestore.FirestoreRegistrar"
88-->[com.google.firebase:firebase-firestore:21.7.1] AndroidManifest.xml:21:17-111
89                android:value="com.google.firebase.components.ComponentRegistrar" />
89-->[com.google.firebase:firebase-firestore:21.7.1] AndroidManifest.xml:22:17-82
90            <meta-data
90-->[com.google.android.gms:play-services-measurement-api:17.6.0] AndroidManifest.xml:30:13-32:85
91                android:name="com.google.firebase.components:com.google.firebase.analytics.connector.internal.AnalyticsConnectorRegistrar"
91-->[com.google.android.gms:play-services-measurement-api:17.6.0] AndroidManifest.xml:31:17-139
92                android:value="com.google.firebase.components.ComponentRegistrar" />
92-->[com.google.android.gms:play-services-measurement-api:17.6.0] AndroidManifest.xml:32:17-82
93            <meta-data
93-->[com.google.firebase:firebase-installations:16.3.2] AndroidManifest.xml:17:13-19:85
94                android:name="com.google.firebase.components:com.google.firebase.installations.FirebaseInstallationsRegistrar"
94-->[com.google.firebase:firebase-installations:16.3.2] AndroidManifest.xml:18:17-127
95                android:value="com.google.firebase.components.ComponentRegistrar" />
95-->[com.google.firebase:firebase-installations:16.3.2] AndroidManifest.xml:19:17-82
96        </service>
97
98        <activity
98-->[:url_launcher] AndroidManifest.xml:8:9-11:74
99            android:name="io.flutter.plugins.urllauncher.WebViewActivity"
99-->[:url_launcher] AndroidManifest.xml:9:13-74
100            android:exported="false"
100-->[:url_launcher] AndroidManifest.xml:10:13-37
101            android:theme="@android:style/Theme.NoTitleBar.Fullscreen" />
101-->[:url_launcher] AndroidManifest.xml:11:13-71
102        <activity
102-->[com.google.firebase:firebase-auth:19.4.0] AndroidManifest.xml:24:9-31:50
103            android:name="com.google.firebase.auth.internal.FederatedSignInActivity"
103-->[com.google.firebase:firebase-auth:19.4.0] AndroidManifest.xml:25:13-85
104            android:excludeFromRecents="true"
104-->[com.google.firebase:firebase-auth:19.4.0] AndroidManifest.xml:26:13-46
105            android:exported="true"
105-->[com.google.firebase:firebase-auth:19.4.0] AndroidManifest.xml:27:13-36
106            android:launchMode="singleTask"
106-->[com.google.firebase:firebase-auth:19.4.0] AndroidManifest.xml:28:13-44
107            android:permission="com.google.firebase.auth.api.gms.permission.LAUNCH_FEDERATED_SIGN_IN"
107-->[com.google.firebase:firebase-auth:19.4.0] AndroidManifest.xml:29:13-102
108            android:theme="@android:style/Theme.Translucent.NoTitleBar" />
108-->[com.google.firebase:firebase-auth:19.4.0] AndroidManifest.xml:30:13-72
109        <activity
109-->[com.google.android.gms:play-services-base:17.1.0] AndroidManifest.xml:23:9-26:75
110            android:name="com.google.android.gms.common.api.GoogleApiActivity"
110-->[com.google.android.gms:play-services-base:17.1.0] AndroidManifest.xml:24:13-79
111            android:exported="false"
111-->[com.google.android.gms:play-services-base:17.1.0] AndroidManifest.xml:25:13-37
112            android:theme="@android:style/Theme.Translucent.NoTitleBar" />
112-->[com.google.android.gms:play-services-base:17.1.0] AndroidManifest.xml:26:13-72
113
114        <provider
114-->[com.google.firebase:firebase-common:19.3.1] AndroidManifest.xml:26:9-31:39
115            android:name="com.google.firebase.provider.FirebaseInitProvider"
115-->[com.google.firebase:firebase-common:19.3.1] AndroidManifest.xml:27:13-77
116            android:authorities="com.example.money_manager.firebaseinitprovider"
116-->[com.google.firebase:firebase-common:19.3.1] AndroidManifest.xml:28:13-72
117            android:directBootAware="true"
117-->[com.google.firebase:firebase-common:19.3.1] AndroidManifest.xml:29:13-43
118            android:exported="false"
118-->[com.google.firebase:firebase-common:19.3.1] AndroidManifest.xml:30:13-37
119            android:initOrder="100" />
119-->[com.google.firebase:firebase-common:19.3.1] AndroidManifest.xml:31:13-36
120
121        <receiver
121-->[com.google.android.gms:play-services-measurement:17.6.0] AndroidManifest.xml:29:9-33:20
122            android:name="com.google.android.gms.measurement.AppMeasurementReceiver"
122-->[com.google.android.gms:play-services-measurement:17.6.0] AndroidManifest.xml:30:13-85
123            android:enabled="true"
123-->[com.google.android.gms:play-services-measurement:17.6.0] AndroidManifest.xml:31:13-35
124            android:exported="false" >
124-->[com.google.android.gms:play-services-measurement:17.6.0] AndroidManifest.xml:32:13-37
125        </receiver>
126
127        <service
127-->[com.google.android.gms:play-services-measurement:17.6.0] AndroidManifest.xml:35:9-38:40
128            android:name="com.google.android.gms.measurement.AppMeasurementService"
128-->[com.google.android.gms:play-services-measurement:17.6.0] AndroidManifest.xml:36:13-84
129            android:enabled="true"
129-->[com.google.android.gms:play-services-measurement:17.6.0] AndroidManifest.xml:37:13-35
130            android:exported="false" />
130-->[com.google.android.gms:play-services-measurement:17.6.0] AndroidManifest.xml:38:13-37
131        <service
131-->[com.google.android.gms:play-services-measurement:17.6.0] AndroidManifest.xml:39:9-43:72
132            android:name="com.google.android.gms.measurement.AppMeasurementJobService"
132-->[com.google.android.gms:play-services-measurement:17.6.0] AndroidManifest.xml:40:13-87
133            android:enabled="true"
133-->[com.google.android.gms:play-services-measurement:17.6.0] AndroidManifest.xml:41:13-35
134            android:exported="false"
134-->[com.google.android.gms:play-services-measurement:17.6.0] AndroidManifest.xml:42:13-37
135            android:permission="android.permission.BIND_JOB_SERVICE" />
135-->[com.google.android.gms:play-services-measurement:17.6.0] AndroidManifest.xml:43:13-69
136
137        <meta-data
137-->[com.google.android.gms:play-services-basement:17.0.0] AndroidManifest.xml:23:9-25:69
138            android:name="com.google.android.gms.version"
138-->[com.google.android.gms:play-services-basement:17.0.0] AndroidManifest.xml:24:13-58
139            android:value="@integer/google_play_services_version" />
139-->[com.google.android.gms:play-services-basement:17.0.0] AndroidManifest.xml:25:13-66
140    </application>
141
142</manifest>